 [2023-09-17 10:29:09,432] **************Creating user**************
 [2023-09-17 10:29:14,162] **************User info is displayed**************
 [2023-09-17 10:29:14,557] **************Reading user info**************
 [2023-09-17 10:29:16,383] **************User info is displayed**************
 [2023-09-17 10:29:16,388] **************Updating user**************
 [2023-09-17 10:29:17,709] **************User updated**************
 [2023-09-17 10:29:19,059] **************Deleting user**************
 [2023-09-17 10:29:20,355] **************user deleted**************
 [2023-09-17 14:39:50,508] **************Creating user**************
 [2023-09-17 14:39:54,760] **************User info is displayed**************
 [2023-09-17 14:39:54,802] **************Reading user info**************
 [2023-09-17 14:39:56,718] **************User info is displayed**************
 [2023-09-17 14:39:56,726] **************Updating user**************
 [2023-09-17 14:39:58,550] **************User updated**************
 [2023-09-17 14:39:59,962] **************Deleting user**************
 [2023-09-17 14:40:01,341] **************user deleted**************
 [2023-09-17 14:49:46,894] **************Creating user**************
 [2023-09-17 14:49:51,738] **************User info is displayed**************
 [2023-09-17 14:49:51,784] **************Reading user info**************
 [2023-09-17 14:49:54,091] **************User info is displayed**************
 [2023-09-17 14:49:54,099] **************Updating user**************
 [2023-09-17 14:49:55,898] **************User updated**************
 [2023-09-17 14:49:57,241] **************Deleting user**************
 [2023-09-17 14:49:58,662] **************user deleted**************
 [2023-09-17 15:07:57,643] **************Creating user**************
 [2023-09-17 15:08:01,833] **************User info is displayed**************
 [2023-09-17 15:08:01,879] **************Reading user info**************
 [2023-09-17 15:08:05,164] **************User info is displayed**************
 [2023-09-17 15:08:05,168] **************Updating user**************
 [2023-09-17 15:08:06,554] **************User updated**************
 [2023-09-17 15:08:08,935] **************Deleting user**************
 [2023-09-17 15:08:10,709] **************user deleted**************
 [2023-09-23 14:39:40,583] **************Creating user**************
 [2023-09-23 14:39:46,476] **************User info is displayed**************
 [2023-09-23 14:39:46,576] **************Reading user info**************
 [2023-09-23 14:39:48,072] **************User info is displayed**************
 [2023-09-23 14:39:48,075] **************Updating user**************
 [2023-09-23 14:39:50,554] **************User updated**************
 [2023-09-23 14:39:52,334] **************Deleting user**************
 [2023-09-23 14:39:53,722] **************user deleted**************
 [2023-09-29 20:06:14,404] **************Creating user**************
 [2023-09-29 20:06:19,468] **************User info is displayed**************
 [2023-09-29 20:06:19,535] **************Reading user info**************
 [2023-09-29 20:06:21,263] **************User info is displayed**************
 [2023-09-29 20:06:21,272] **************Updating user**************
 [2023-09-29 20:06:23,562] **************User updated**************
 [2023-09-29 20:06:24,802] **************Deleting user**************
 [2023-09-29 20:06:26,430] **************user deleted**************
 [2023-09-29 20:15:49,418] **************Creating user**************
 [2023-09-29 20:15:54,146] **************User info is displayed**************
 [2023-09-29 20:15:54,187] **************Reading user info**************
 [2023-09-29 20:17:59,828] **************Creating user**************
 [2023-09-29 20:18:04,113] **************User info is displayed**************
 [2023-09-29 20:18:04,156] **************Reading user info**************
 [2023-09-29 20:18:06,500] **************User info is displayed**************
 [2024-08-18 21:05:35,381] **************Creating user**************
 [2024-08-18 21:05:42,272] **************User info is displayed**************
 [2024-08-18 21:05:42,298] **************Reading user info**************
 [2024-08-18 21:05:45,650] **************User info is displayed**************
 [2024-08-18 21:06:44,170] **************Creating user**************
 [2024-08-18 21:06:50,370] **************User info is displayed**************
 [2024-08-18 21:06:50,396] **************Reading user info**************
 [2024-08-18 21:06:54,243] **************User info is displayed**************
 [2024-08-18 21:06:54,246] **************Updating user**************
 [2024-08-18 21:06:57,920] **************User updated**************
 [2024-08-18 21:07:01,007] **************Deleting user**************
 [2024-08-18 21:07:04,506] **************user deleted**************
 [2024-08-18 21:11:19,859] **************Updating user**************
 [2024-08-18 21:11:24,201] **************User updated**************
 [2024-08-18 21:11:49,079] **************Creating user**************
 [2024-08-18 21:11:53,801] **************User info is displayed**************
 [2024-08-18 21:11:53,823] **************Reading user info**************
 [2024-08-18 21:11:57,522] **************User info is displayed**************
 [2024-08-18 21:12:02,647] **************Updating user**************
 [2024-08-18 21:12:05,084] **************User updated**************
 [2024-08-18 21:12:06,767] **************Deleting user**************
 [2024-08-18 21:12:08,795] **************user deleted**************
 [2024-08-18 21:14:18,943] **************Creating user**************
 [2024-08-18 21:14:22,503] **************User info is displayed**************
 [2024-08-18 21:14:22,529] **************Reading user info**************
 [2024-08-18 21:14:24,763] **************User info is displayed**************
 [2024-08-18 21:14:26,402] **************Updating user**************
 [2024-08-18 21:14:28,106] **************User updated**************
 [2024-08-18 21:14:29,740] **************Deleting user**************
 [2024-08-18 21:14:31,357] **************user deleted**************
