2024-08-23T09:56:07,490 [main] INFO  SeleniumTestWithSQL:169 -  -------------------------- PASSED -------------------------- 
2024-08-23T09:58:05,960 [main] INFO  SeleniumTestWithSQL:207 -  -------------------------- PASSED -------------------------- 
2024-08-23T09:58:24,570 [main] INFO  SeleniumTestWithSQL:209 -  -------------------------- FAILED -------------------------- 
2024-08-23T10:19:53,841 [main] INFO  SeleniumTestWithSQL:208 -  -------------------------- FAILED -------------------------- 
2024-08-23T10:20:10,040 [main] INFO  Level_19_Sort_ASC_DESC:36 - Sap xep name tu A toi Z
2024-08-23T10:20:40,167 [main] INFO  Level_19_Sort_ASC_DESC:168 -  -------------------------- PASSED -------------------------- 
2024-08-23T10:20:40,167 [main] INFO  Level_19_Sort_ASC_DESC:42 - Sap xep name tu Z toi A
2024-08-23T10:21:10,278 [main] INFO  Level_19_Sort_ASC_DESC:168 -  -------------------------- PASSED -------------------------- 
2024-08-23T10:21:10,340 [main] INFO  Level_19_Sort_ASC_DESC:52 - Sắp xếp giá từ thấp đến cao
2024-08-23T10:21:10,455 [main] INFO  Level_19_Sort_ASC_DESC:168 -  -------------------------- PASSED -------------------------- 
2024-08-23T10:21:10,455 [main] INFO  Level_19_Sort_ASC_DESC:58 - Sắp xếp giá từ cao đến thấp
2024-08-23T10:21:10,551 [main] INFO  Level_19_Sort_ASC_DESC:168 -  -------------------------- PASSED -------------------------- 
2024-08-23T10:21:20,554 [main] INFO  Level_19_Sort_ASC_DESC:224 - OS name = windows 10
2024-08-23T10:21:20,555 [main] INFO  Level_19_Sort_ASC_DESC:227 - Driver instance name = chromedriver: chrome on windows (f66460fd797bcca4c97b91141db4370f)
2024-08-24T10:14:21,965 [main] INFO  TestDemoDragAndDrop:224 - OS name = windows 10
2024-08-24T10:14:21,980 [main] INFO  TestDemoDragAndDrop:227 - Driver instance name = chromedriver: chrome on windows (d04ee5ef39ac1aae15737330e652fbab)
2024-08-24T11:54:28,680 [main] INFO  TestDemoDragAndDrop:224 - OS name = windows 10
2024-08-24T11:54:28,680 [main] INFO  TestDemoDragAndDrop:227 - Driver instance name = chromedriver: chrome on windows (e7e44849f0043043523bb1b8c2457d33)
2024-08-24T12:03:04,472 [main] INFO  TestDemoDragAndDrop:224 - OS name = windows 10
2024-08-24T12:03:04,488 [main] INFO  TestDemoDragAndDrop:227 - Driver instance name = chromedriver: chrome on windows (05ba0d53b0d3f86ad7d08c339e288f45)
2024-08-24T12:09:43,113 [main] INFO  TestDemoDragAndDrop:224 - OS name = windows 10
2024-08-24T12:09:43,129 [main] INFO  TestDemoDragAndDrop:227 - Driver instance name = chromedriver: chrome on windows (c0a5e8c4c7d5232bce496f867a5c96ea)
2024-08-24T12:15:52,282 [main] INFO  TestDemoDragAndDrop:224 - OS name = windows 10
2024-08-24T12:15:52,300 [main] INFO  TestDemoDragAndDrop:227 - Driver instance name = chromedriver: chrome on windows (739661644fd32a89a80f7593d85c38ae)
2024-08-24T12:18:04,727 [main] INFO  TestDemoDragAndDrop:224 - OS name = windows 10
2024-08-24T12:18:04,739 [main] INFO  TestDemoDragAndDrop:227 - Driver instance name = chromedriver: chrome on windows (9ab719f92a6ea6cfa4fb0b73013d4eee)
2024-08-24T12:44:23,564 [main] INFO  TestSwitchIframe:224 - OS name = windows 10
2024-08-24T12:44:23,580 [main] INFO  TestSwitchIframe:227 - Driver instance name = chromedriver: chrome on windows (a9b72497db3303f8b1874a49b17cc83d)
2024-08-24T12:46:42,081 [main] INFO  TestSwitchIframe:224 - OS name = windows 10
2024-08-24T12:46:42,096 [main] INFO  TestSwitchIframe:227 - Driver instance name = chromedriver: chrome on windows (ad0ab0ad178d747702bbcb5f51dfa75b)
2024-08-24T12:59:18,056 [main] INFO  TestSwitchIframe:224 - OS name = windows 10
2024-08-24T12:59:18,064 [main] INFO  TestSwitchIframe:227 - Driver instance name = chromedriver: chrome on windows (04b960473f08aac95d8c9a3f810fb21c)
2024-08-24T13:03:53,966 [main] INFO  TestSwitchIframe:224 - OS name = windows 10
2024-08-24T13:03:53,983 [main] INFO  TestSwitchIframe:227 - Driver instance name = chromedriver: chrome on windows (f9fe5fe0c071c459c25381db02087cea)
2024-08-24T13:05:06,751 [main] INFO  TestSwitchIframe:224 - OS name = windows 10
2024-08-24T13:05:06,769 [main] INFO  TestSwitchIframe:227 - Driver instance name = chromedriver: chrome on windows (ad2300940f459c0e6a8a757cbbf823b3)
2024-08-24T13:06:47,214 [main] INFO  TestSwitchIframe:224 - OS name = windows 10
2024-08-24T13:06:47,229 [main] INFO  TestSwitchIframe:227 - Driver instance name = chromedriver: chrome on windows (cee9e13acc9c8cd41ac774680349c71c)
2024-08-24T13:10:25,406 [main] INFO  TestSwitchIframe:224 - OS name = windows 10
2024-08-24T13:10:25,423 [main] INFO  TestSwitchIframe:227 - Driver instance name = chromedriver: chrome on windows (a5c383d7dfc9d80a43396d2ef0705c3c)
2024-08-24T16:14:57,031 [main] INFO  Topic_16_Shadow_Dom:206 -  -------------------------- PASSED -------------------------- 
2024-08-24T16:18:54,943 [main] INFO  Topic_16_Shadow_Dom:206 -  -------------------------- PASSED -------------------------- 
2024-08-24T16:30:50,976 [main] INFO  Topic_16_Shadow_Dom:206 -  -------------------------- PASSED -------------------------- 
2024-08-24T16:31:46,882 [main] INFO  Topic_16_Shadow_Dom:206 -  -------------------------- PASSED -------------------------- 
2024-08-24T16:33:04,238 [main] INFO  Topic_16_Shadow_Dom:206 -  -------------------------- PASSED -------------------------- 
2024-08-24T16:33:04,253 [main] INFO  Topic_16_Shadow_Dom:206 -  -------------------------- PASSED -------------------------- 
2024-08-24T16:50:54,275 [main] INFO  Topic_16_Shadow_Dom:206 -  -------------------------- PASSED -------------------------- 
2024-08-24T16:50:54,306 [main] INFO  Topic_16_Shadow_Dom:188 -  -------------------------- PASSED -------------------------- 
2024-08-24T16:50:54,384 [main] INFO  Topic_16_Shadow_Dom:224 - OS name = windows 10
2024-08-24T16:50:54,384 [main] INFO  Topic_16_Shadow_Dom:256 - null
2024-08-24T16:51:52,664 [main] INFO  Topic_16_Shadow_Dom:206 -  -------------------------- PASSED -------------------------- 
2024-08-24T16:51:52,698 [main] INFO  Topic_16_Shadow_Dom:188 -  -------------------------- PASSED -------------------------- 
2024-08-24T16:52:51,258 [main] INFO  Topic_16_Shadow_Dom:206 -  -------------------------- PASSED -------------------------- 
2024-08-24T16:52:51,292 [main] INFO  Topic_16_Shadow_Dom:188 -  -------------------------- PASSED -------------------------- 
2024-08-24T21:35:04,165 [main] INFO  Topic_16_Shadow_Dom:206 -  -------------------------- PASSED -------------------------- 
2024-08-25T09:16:24,602 [main] INFO  Level_19_Sort_ASC_DESC:36 - Sap xep name tu A toi Z
2024-08-25T09:16:54,704 [main] INFO  Level_19_Sort_ASC_DESC:168 -  -------------------------- PASSED -------------------------- 
2024-08-25T09:16:54,704 [main] INFO  Level_19_Sort_ASC_DESC:42 - Sap xep name tu Z toi A
2024-08-25T09:17:24,818 [main] INFO  Level_19_Sort_ASC_DESC:168 -  -------------------------- PASSED -------------------------- 
2024-08-25T09:17:24,893 [main] INFO  Level_19_Sort_ASC_DESC:52 - Sắp xếp giá từ thấp đến cao
2024-08-25T09:17:25,007 [main] INFO  Level_19_Sort_ASC_DESC:168 -  -------------------------- PASSED -------------------------- 
2024-08-25T09:17:25,008 [main] INFO  Level_19_Sort_ASC_DESC:58 - Sắp xếp giá từ cao đến thấp
2024-08-25T09:17:25,101 [main] INFO  Level_19_Sort_ASC_DESC:168 -  -------------------------- PASSED -------------------------- 
2024-08-25T09:17:35,117 [main] INFO  Level_19_Sort_ASC_DESC:224 - OS name = windows 10
2024-08-25T09:17:35,118 [main] INFO  Level_19_Sort_ASC_DESC:227 - Driver instance name = chromedriver: chrome on windows (27b1cdf547dc294194ed169675baa7e2)
2024-08-25T09:59:32,695 [main] INFO  Topic_16_Shadow_Dom:206 -  -------------------------- PASSED -------------------------- 
2024-08-25T09:59:32,711 [main] INFO  Topic_16_Shadow_Dom:188 -  -------------------------- PASSED -------------------------- 
2024-08-25T10:03:40,497 [main] INFO  Topic_16_Shadow_Dom:206 -  -------------------------- PASSED -------------------------- 
2024-08-25T10:03:40,513 [main] INFO  Topic_16_Shadow_Dom:188 -  -------------------------- PASSED -------------------------- 
2024-08-25T10:09:47,728 [main] INFO  Level_13_Element_Undisplayed:168 -  -------------------------- PASSED -------------------------- 
2024-08-25T10:09:47,948 [main] INFO  Level_13_Element_Undisplayed:170 -  -------------------------- FAILED -------------------------- 
2024-08-25T10:09:51,062 [main] INFO  Level_13_Element_Undisplayed:168 -  -------------------------- PASSED -------------------------- 
2024-08-25T10:10:03,185 [main] INFO  Level_13_Element_Undisplayed:168 -  -------------------------- PASSED -------------------------- 
2024-08-25T10:13:31,149 [main] INFO  Level_13_Element_Undisplayed:168 -  -------------------------- PASSED -------------------------- 
2024-08-25T10:13:31,347 [main] INFO  Level_13_Element_Undisplayed:170 -  -------------------------- FAILED -------------------------- 
2024-08-25T10:13:34,458 [main] INFO  Level_13_Element_Undisplayed:168 -  -------------------------- PASSED -------------------------- 
2024-08-25T10:13:46,543 [main] INFO  Level_13_Element_Undisplayed:168 -  -------------------------- PASSED -------------------------- 
2024-08-25T10:26:38,183 [main] INFO  Level_19_Sort_ASC_DESC:36 - Sap xep name tu A toi Z
2024-08-25T10:27:08,275 [main] INFO  Level_19_Sort_ASC_DESC:168 -  -------------------------- PASSED -------------------------- 
2024-08-25T10:27:08,276 [main] INFO  Level_19_Sort_ASC_DESC:42 - Sap xep name tu Z toi A
2024-08-25T10:27:38,391 [main] INFO  Level_19_Sort_ASC_DESC:168 -  -------------------------- PASSED -------------------------- 
2024-08-25T10:27:38,454 [main] INFO  Level_19_Sort_ASC_DESC:52 - Sắp xếp giá từ thấp đến cao
2024-08-25T10:27:38,564 [main] INFO  Level_19_Sort_ASC_DESC:168 -  -------------------------- PASSED -------------------------- 
2024-08-25T10:27:38,564 [main] INFO  Level_19_Sort_ASC_DESC:58 - Sắp xếp giá từ cao đến thấp
2024-08-25T10:27:38,652 [main] INFO  Level_19_Sort_ASC_DESC:168 -  -------------------------- PASSED -------------------------- 
2024-08-25T10:27:48,665 [main] INFO  Level_19_Sort_ASC_DESC:224 - OS name = windows 10
2024-08-25T10:27:48,665 [main] INFO  Level_19_Sort_ASC_DESC:227 - Driver instance name = chromedriver: chrome on windows (dc594b1df4b07cebe5c9bd237fdd2700)
