2024-08-31T10:15:27,840 [main] INFO  Level_19_Sort_ASC_DESC:172 -  -------------------------- PASSED -------------------------- 
2024-08-31T10:15:28,039 [main] INFO  Level_19_Sort_ASC_DESC:235 - OS name = windows 10
2024-08-31T10:15:28,039 [main] INFO  Level_19_Sort_ASC_DESC:238 - Driver instance name = chromedriver: chrome on windows (5743d9c86f3a747dfdd0945c79f0aeed)
2024-08-31T11:13:03,976 [main] INFO  Level_19_Sort_ASC_DESC:44 - Sap xep name tu A toi Z
2024-08-31T11:13:04,324 [main] INFO  Level_19_Sort_ASC_DESC:64 - Sắp xếp giá từ thấp đến cao
2024-08-31T11:13:04,454 [main] INFO  Level_19_Sort_ASC_DESC:172 -  -------------------------- PASSED -------------------------- 
2024-08-31T11:13:04,454 [main] INFO  Level_19_Sort_ASC_DESC:71 - Sắp xếp giá từ cao đến thấp
2024-08-31T11:13:04,661 [main] INFO  Level_19_Sort_ASC_DESC:235 - OS name = windows 10
2024-08-31T11:13:04,661 [main] INFO  Level_19_Sort_ASC_DESC:238 - Driver instance name = chromedriver: chrome on windows (18925dab8be4c2f1089e8ebdbbbb5949)
2024-08-31T11:37:28,156 [main] INFO  Level_19_Sort_ASC_DESC:235 - OS name = windows 10
2024-08-31T11:37:28,159 [main] INFO  Level_19_Sort_ASC_DESC:238 - Driver instance name = chromedriver: chrome on windows (78aca9a71ec01f4489d85ac2ece4881c)
2024-08-31T11:38:17,004 [main] INFO  Level_19_Sort_ASC_DESC:235 - OS name = windows 10
2024-08-31T11:38:17,008 [main] INFO  Level_19_Sort_ASC_DESC:238 - Driver instance name = chromedriver: chrome on windows (06b8a823efe192b6a4d5ba6a40025b7f)
2024-08-31T11:50:07,265 [main] INFO  Level_19_Sort_ASC_DESC:235 - OS name = windows 10
2024-08-31T11:50:07,268 [main] INFO  Level_19_Sort_ASC_DESC:238 - Driver instance name = chromedriver: chrome on windows (35a89298fb88a67cb5893ed40892d0be)
2024-08-31T11:52:30,337 [main] INFO  Level_19_Sort_ASC_DESC:235 - OS name = windows 10
2024-08-31T11:52:30,341 [main] INFO  Level_19_Sort_ASC_DESC:238 - Driver instance name = chromedriver: chrome on windows (115fef4c1a781872487839a752d9841d)
2024-08-31T11:53:45,088 [main] INFO  Level_19_Sort_ASC_DESC:235 - OS name = windows 10
2024-08-31T11:53:45,092 [main] INFO  Level_19_Sort_ASC_DESC:238 - Driver instance name = chromedriver: chrome on windows (0a70af18e43ba674148b69ffeb1620c0)
2024-08-31T11:56:01,778 [main] INFO  Level_19_Sort_ASC_DESC:235 - OS name = windows 10
2024-08-31T11:56:01,781 [main] INFO  Level_19_Sort_ASC_DESC:238 - Driver instance name = chromedriver: chrome on windows (ea4c3d50130107b9c13bcef6912286f4)
2024-08-31T12:00:21,182 [main] INFO  Level_19_Sort_ASC_DESC:235 - OS name = windows 10
2024-08-31T12:00:21,186 [main] INFO  Level_19_Sort_ASC_DESC:238 - Driver instance name = chromedriver: chrome on windows (86f81f7fa731a8acba3cf44e9b31899e)
2024-08-31T12:01:54,129 [main] INFO  Level_19_Sort_ASC_DESC:235 - OS name = windows 10
2024-08-31T12:01:54,132 [main] INFO  Level_19_Sort_ASC_DESC:238 - Driver instance name = chromedriver: chrome on windows (7eaa319ee5614cc9d5dbd5269ed7e002)
2024-08-31T12:03:22,065 [main] INFO  Level_19_Sort_ASC_DESC:235 - OS name = windows 10
2024-08-31T12:03:22,070 [main] INFO  Level_19_Sort_ASC_DESC:238 - Driver instance name = chromedriver: chrome on windows (dd34d57b30078ca88c6a5d4ac09d6bd1)
2024-08-31T12:05:31,913 [main] INFO  Level_19_Sort_ASC_DESC:235 - OS name = windows 10
2024-08-31T12:05:31,917 [main] INFO  Level_19_Sort_ASC_DESC:238 - Driver instance name = chromedriver: chrome on windows (8d555e2e50b91a4c8fd66ea63a02ca33)
2024-08-31T12:08:17,899 [main] INFO  Level_19_Sort_ASC_DESC:235 - OS name = windows 10
2024-08-31T12:08:17,902 [main] INFO  Level_19_Sort_ASC_DESC:238 - Driver instance name = chromedriver: chrome on windows (fed92e7177b0aaeab25005dc8b0d037d)
2024-08-31T12:12:31,070 [main] INFO  Level_19_Sort_ASC_DESC:47 - Sap xep name tu A toi Z
2024-08-31T12:12:31,444 [main] INFO  Level_19_Sort_ASC_DESC:67 - Sắp xếp giá từ thấp đến cao
2024-08-31T12:12:31,558 [main] INFO  Level_19_Sort_ASC_DESC:172 -  -------------------------- PASSED -------------------------- 
2024-08-31T12:12:31,558 [main] INFO  Level_19_Sort_ASC_DESC:74 - Sắp xếp giá từ cao đến thấp
2024-08-31T12:12:31,762 [main] INFO  Level_19_Sort_ASC_DESC:235 - OS name = windows 10
2024-08-31T12:12:31,763 [main] INFO  Level_19_Sort_ASC_DESC:238 - Driver instance name = chromedriver: chrome on windows (38e1e7e3d395b34f8be5a0e7526a0961)
2024-08-31T12:32:14,215 [main] INFO  Level_19_Sort_ASC_DESC:46 - Sap xep name tu A toi Z
2024-08-31T12:32:14,559 [main] INFO  Level_19_Sort_ASC_DESC:66 - Sắp xếp giá từ thấp đến cao
2024-08-31T12:32:14,671 [main] INFO  Level_19_Sort_ASC_DESC:172 -  -------------------------- PASSED -------------------------- 
2024-08-31T12:32:14,671 [main] INFO  Level_19_Sort_ASC_DESC:73 - Sắp xếp giá từ cao đến thấp
2024-08-31T12:32:14,876 [main] INFO  Level_19_Sort_ASC_DESC:235 - OS name = windows 10
2024-08-31T12:32:14,876 [main] INFO  Level_19_Sort_ASC_DESC:238 - Driver instance name = chromedriver: chrome on windows (58be07ef827bda21e640337bcc4c8a58)
2024-08-31T12:39:10,310 [main] INFO  Level_19_Sort_ASC_DESC:46 - Sap xep name tu A toi Z
2024-08-31T12:39:10,647 [main] INFO  Level_19_Sort_ASC_DESC:66 - Sắp xếp giá từ thấp đến cao
2024-08-31T12:39:10,768 [main] INFO  Level_19_Sort_ASC_DESC:172 -  -------------------------- PASSED -------------------------- 
2024-08-31T12:39:10,769 [main] INFO  Level_19_Sort_ASC_DESC:73 - Sắp xếp giá từ cao đến thấp
2024-08-31T12:39:10,979 [main] INFO  Level_19_Sort_ASC_DESC:235 - OS name = windows 10
2024-08-31T12:39:10,979 [main] INFO  Level_19_Sort_ASC_DESC:238 - Driver instance name = chromedriver: chrome on windows (efcca5ec2244759568db27ba0e30788e)
2024-08-31T12:52:19,499 [main] INFO  Level_19_Sort_ASC_DESC:46 - Sap xep name tu A toi Z
2024-08-31T12:52:19,719 [main] INFO  Level_19_Sort_ASC_DESC:66 - Sắp xếp giá từ thấp đến cao
2024-08-31T12:52:19,835 [main] INFO  Level_19_Sort_ASC_DESC:172 -  -------------------------- PASSED -------------------------- 
2024-08-31T12:52:19,835 [main] INFO  Level_19_Sort_ASC_DESC:73 - Sắp xếp giá từ cao đến thấp
2024-08-31T12:52:19,932 [main] INFO  Level_19_Sort_ASC_DESC:235 - OS name = windows 10
2024-08-31T12:52:19,932 [main] INFO  Level_19_Sort_ASC_DESC:238 - Driver instance name = chromedriver: chrome on windows (e5a523e216eaf5f60427db4a43ea00b1)
2024-08-31T12:54:40,443 [main] INFO  Level_19_Sort_ASC_DESC:46 - Sap xep name tu A toi Z
2024-08-31T12:54:40,665 [main] INFO  Level_19_Sort_ASC_DESC:66 - Sắp xếp giá từ thấp đến cao
2024-08-31T12:54:40,802 [main] INFO  Level_19_Sort_ASC_DESC:172 -  -------------------------- PASSED -------------------------- 
2024-08-31T12:54:40,802 [main] INFO  Level_19_Sort_ASC_DESC:73 - Sắp xếp giá từ cao đến thấp
2024-08-31T12:54:40,913 [main] INFO  Level_19_Sort_ASC_DESC:235 - OS name = windows 10
2024-08-31T12:54:40,914 [main] INFO  Level_19_Sort_ASC_DESC:238 - Driver instance name = chromedriver: chrome on windows (d49c2402ca666e423d5ca38857ef4aec)
2024-08-31T15:25:59,481 [main] INFO  Level_19_Sort_ASC_DESC:46 - Sap xep name tu A toi Z
2024-08-31T15:25:59,906 [main] INFO  Level_19_Sort_ASC_DESC:66 - Sắp xếp giá từ thấp đến cao
2024-08-31T15:26:00,025 [main] INFO  Level_19_Sort_ASC_DESC:172 -  -------------------------- PASSED -------------------------- 
2024-08-31T15:26:00,026 [main] INFO  Level_19_Sort_ASC_DESC:73 - Sắp xếp giá từ cao đến thấp
2024-08-31T15:26:00,236 [main] INFO  Level_19_Sort_ASC_DESC:235 - OS name = windows 10
2024-08-31T15:26:00,237 [main] INFO  Level_19_Sort_ASC_DESC:238 - Driver instance name = chromedriver: chrome on windows (60cba10bb346e26b127fdbf235d31f23)
2024-08-31T15:28:43,803 [main] INFO  Level_19_Sort_ASC_DESC:46 - Sap xep name tu A toi Z
2024-08-31T15:28:44,109 [main] INFO  Level_19_Sort_ASC_DESC:66 - Sắp xếp giá từ thấp đến cao
2024-08-31T15:28:44,236 [main] INFO  Level_19_Sort_ASC_DESC:172 -  -------------------------- PASSED -------------------------- 
2024-08-31T15:28:44,236 [main] INFO  Level_19_Sort_ASC_DESC:73 - Sắp xếp giá từ cao đến thấp
2024-08-31T15:28:44,435 [main] INFO  Level_19_Sort_ASC_DESC:235 - OS name = windows 10
2024-08-31T15:28:44,435 [main] INFO  Level_19_Sort_ASC_DESC:238 - Driver instance name = chromedriver: chrome on windows (88eab4069dc1d14786395ca095ff2bde)
2024-08-31T15:34:44,109 [main] INFO  Level_19_Sort_ASC_DESC:46 - Sap xep name tu A toi Z
2024-08-31T15:34:44,494 [main] INFO  Level_19_Sort_ASC_DESC:66 - Sắp xếp giá từ thấp đến cao
2024-08-31T15:34:44,608 [main] INFO  Level_19_Sort_ASC_DESC:172 -  -------------------------- PASSED -------------------------- 
2024-08-31T15:34:44,608 [main] INFO  Level_19_Sort_ASC_DESC:73 - Sắp xếp giá từ cao đến thấp
2024-08-31T15:34:44,807 [main] INFO  Level_19_Sort_ASC_DESC:235 - OS name = windows 10
2024-08-31T15:34:44,808 [main] INFO  Level_19_Sort_ASC_DESC:238 - Driver instance name = chromedriver: chrome on windows (336e864c0c26131bcdd72a583b3749ba)
2024-08-31T15:39:48,722 [main] INFO  Level_19_Sort_ASC_DESC:46 - Sap xep name tu A toi Z
2024-08-31T15:39:49,076 [main] INFO  Level_19_Sort_ASC_DESC:66 - Sắp xếp giá từ thấp đến cao
2024-08-31T15:39:49,190 [main] INFO  Level_19_Sort_ASC_DESC:172 -  -------------------------- PASSED -------------------------- 
2024-08-31T15:39:49,190 [main] INFO  Level_19_Sort_ASC_DESC:73 - Sắp xếp giá từ cao đến thấp
2024-08-31T15:39:49,394 [main] INFO  Level_19_Sort_ASC_DESC:235 - OS name = windows 10
2024-08-31T15:39:49,395 [main] INFO  Level_19_Sort_ASC_DESC:238 - Driver instance name = chromedriver: chrome on windows (1488abbc99b8f83d697f04151780d287)
2024-08-31T15:47:03,501 [main] INFO  Level_19_Sort_ASC_DESC:47 - Sap xep name tu A toi Z
2024-08-31T15:47:03,817 [main] INFO  Level_19_Sort_ASC_DESC:67 - Sắp xếp giá từ thấp đến cao
2024-08-31T15:47:03,958 [main] INFO  Level_19_Sort_ASC_DESC:172 -  -------------------------- PASSED -------------------------- 
2024-08-31T15:47:03,959 [main] INFO  Level_19_Sort_ASC_DESC:74 - Sắp xếp giá từ cao đến thấp
2024-08-31T15:47:04,171 [main] INFO  Level_19_Sort_ASC_DESC:235 - OS name = windows 10
2024-08-31T15:47:04,172 [main] INFO  Level_19_Sort_ASC_DESC:238 - Driver instance name = chromedriver: chrome on windows (29bdfbbba59477d97a6a28dd3e916f0d)
2024-08-31T16:06:30,566 [main] INFO  Level_19_Sort_ASC_DESC:47 - Sap xep name tu A toi Z
2024-08-31T16:06:30,938 [main] INFO  Level_19_Sort_ASC_DESC:67 - Sắp xếp giá từ thấp đến cao
2024-08-31T16:06:31,048 [main] INFO  Level_19_Sort_ASC_DESC:172 -  -------------------------- PASSED -------------------------- 
2024-08-31T16:06:31,048 [main] INFO  Level_19_Sort_ASC_DESC:74 - Sắp xếp giá từ cao đến thấp
2024-08-31T16:06:31,244 [main] INFO  Level_19_Sort_ASC_DESC:235 - OS name = windows 10
2024-08-31T16:06:31,244 [main] INFO  Level_19_Sort_ASC_DESC:238 - Driver instance name = chromedriver: chrome on windows (ae75d96e0abc6cd6645a2a0db030853c)
