2024-08-25T09:16:24,602 [main] INFO  Level_19_Sort_ASC_DESC:36 - Sap xep name tu A toi Z
2024-08-25T09:16:54,704 [main] INFO  Level_19_Sort_ASC_DESC:168 -  -------------------------- PASSED -------------------------- 
2024-08-25T09:16:54,704 [main] INFO  Level_19_Sort_ASC_DESC:42 - Sap xep name tu Z toi A
2024-08-25T09:17:24,818 [main] INFO  Level_19_Sort_ASC_DESC:168 -  -------------------------- PASSED -------------------------- 
2024-08-25T09:17:24,893 [main] INFO  Level_19_Sort_ASC_DESC:52 - Sắp xếp giá từ thấp đến cao
2024-08-25T09:17:25,007 [main] INFO  Level_19_Sort_ASC_DESC:168 -  -------------------------- PASSED -------------------------- 
2024-08-25T09:17:25,008 [main] INFO  Level_19_Sort_ASC_DESC:58 - Sắp xếp giá từ cao đến thấp
2024-08-25T09:17:25,101 [main] INFO  Level_19_Sort_ASC_DESC:168 -  -------------------------- PASSED -------------------------- 
2024-08-25T09:17:35,117 [main] INFO  Level_19_Sort_ASC_DESC:224 - OS name = windows 10
2024-08-25T09:17:35,118 [main] INFO  Level_19_Sort_ASC_DESC:227 - Driver instance name = chromedriver: chrome on windows (27b1cdf547dc294194ed169675baa7e2)
2024-08-25T09:59:32,695 [main] INFO  Topic_16_Shadow_Dom:206 -  -------------------------- PASSED -------------------------- 
2024-08-25T09:59:32,711 [main] INFO  Topic_16_Shadow_Dom:188 -  -------------------------- PASSED -------------------------- 
2024-08-25T10:03:40,497 [main] INFO  Topic_16_Shadow_Dom:206 -  -------------------------- PASSED -------------------------- 
2024-08-25T10:03:40,513 [main] INFO  Topic_16_Shadow_Dom:188 -  -------------------------- PASSED -------------------------- 
2024-08-25T10:09:47,728 [main] INFO  Level_13_Element_Undisplayed:168 -  -------------------------- PASSED -------------------------- 
2024-08-25T10:09:47,948 [main] INFO  Level_13_Element_Undisplayed:170 -  -------------------------- FAILED -------------------------- 
2024-08-25T10:09:51,062 [main] INFO  Level_13_Element_Undisplayed:168 -  -------------------------- PASSED -------------------------- 
2024-08-25T10:10:03,185 [main] INFO  Level_13_Element_Undisplayed:168 -  -------------------------- PASSED -------------------------- 
2024-08-25T10:13:31,149 [main] INFO  Level_13_Element_Undisplayed:168 -  -------------------------- PASSED -------------------------- 
2024-08-25T10:13:31,347 [main] INFO  Level_13_Element_Undisplayed:170 -  -------------------------- FAILED -------------------------- 
2024-08-25T10:13:34,458 [main] INFO  Level_13_Element_Undisplayed:168 -  -------------------------- PASSED -------------------------- 
2024-08-25T10:13:46,543 [main] INFO  Level_13_Element_Undisplayed:168 -  -------------------------- PASSED -------------------------- 
2024-08-25T10:26:38,183 [main] INFO  Level_19_Sort_ASC_DESC:36 - Sap xep name tu A toi Z
2024-08-25T10:27:08,275 [main] INFO  Level_19_Sort_ASC_DESC:168 -  -------------------------- PASSED -------------------------- 
2024-08-25T10:27:08,276 [main] INFO  Level_19_Sort_ASC_DESC:42 - Sap xep name tu Z toi A
2024-08-25T10:27:38,391 [main] INFO  Level_19_Sort_ASC_DESC:168 -  -------------------------- PASSED -------------------------- 
2024-08-25T10:27:38,454 [main] INFO  Level_19_Sort_ASC_DESC:52 - Sắp xếp giá từ thấp đến cao
2024-08-25T10:27:38,564 [main] INFO  Level_19_Sort_ASC_DESC:168 -  -------------------------- PASSED -------------------------- 
2024-08-25T10:27:38,564 [main] INFO  Level_19_Sort_ASC_DESC:58 - Sắp xếp giá từ cao đến thấp
2024-08-25T10:27:38,652 [main] INFO  Level_19_Sort_ASC_DESC:168 -  -------------------------- PASSED -------------------------- 
2024-08-25T10:27:48,665 [main] INFO  Level_19_Sort_ASC_DESC:224 - OS name = windows 10
2024-08-25T10:27:48,665 [main] INFO  Level_19_Sort_ASC_DESC:227 - Driver instance name = chromedriver: chrome on windows (dc594b1df4b07cebe5c9bd237fdd2700)
2024-08-25T11:18:50,483 [main] INFO  Level_19_Sort_ASC_DESC:36 - Sap xep name tu A toi Z
2024-08-25T11:19:20,600 [main] INFO  Level_19_Sort_ASC_DESC:168 -  -------------------------- PASSED -------------------------- 
2024-08-25T11:19:20,600 [main] INFO  Level_19_Sort_ASC_DESC:42 - Sap xep name tu Z toi A
2024-08-25T11:19:50,693 [main] INFO  Level_19_Sort_ASC_DESC:168 -  -------------------------- PASSED -------------------------- 
2024-08-25T11:19:50,758 [main] INFO  Level_19_Sort_ASC_DESC:52 - Sắp xếp giá từ thấp đến cao
2024-08-25T11:19:50,862 [main] INFO  Level_19_Sort_ASC_DESC:168 -  -------------------------- PASSED -------------------------- 
2024-08-25T11:19:50,862 [main] INFO  Level_19_Sort_ASC_DESC:58 - Sắp xếp giá từ cao đến thấp
2024-08-25T11:19:50,957 [main] INFO  Level_19_Sort_ASC_DESC:168 -  -------------------------- PASSED -------------------------- 
2024-08-25T11:20:00,969 [main] INFO  Level_19_Sort_ASC_DESC:224 - OS name = windows 10
2024-08-25T11:20:00,970 [main] INFO  Level_19_Sort_ASC_DESC:227 - Driver instance name = chromedriver: chrome on windows (1813dbd488844c07b2f41cdf404774d9)
2024-08-25T12:20:20,334 [main] INFO  TestDemoDragAndDrop:224 - OS name = windows 10
2024-08-25T12:20:20,336 [main] INFO  TestDemoDragAndDrop:227 - Driver instance name = chromedriver: chrome on windows (ab62b53bb293f9f0f546170b6093aa27)
2024-08-25T12:22:36,359 [main] INFO  Topic_16_Shadow_Dom:206 -  -------------------------- PASSED -------------------------- 
2024-08-25T12:22:36,374 [main] INFO  Topic_16_Shadow_Dom:206 -  -------------------------- PASSED -------------------------- 
2024-08-25T15:39:45,318 [main] INFO  Level_19_Sort_ASC_DESC:36 - Sap xep name tu A toi Z
2024-08-25T15:40:15,400 [main] INFO  Level_19_Sort_ASC_DESC:168 -  -------------------------- PASSED -------------------------- 
2024-08-25T15:40:15,400 [main] INFO  Level_19_Sort_ASC_DESC:42 - Sap xep name tu Z toi A
2024-08-25T15:40:45,471 [main] INFO  Level_19_Sort_ASC_DESC:168 -  -------------------------- PASSED -------------------------- 
2024-08-25T15:40:45,545 [main] INFO  Level_19_Sort_ASC_DESC:52 - Sắp xếp giá từ thấp đến cao
2024-08-25T15:40:45,645 [main] INFO  Level_19_Sort_ASC_DESC:168 -  -------------------------- PASSED -------------------------- 
2024-08-25T15:40:45,645 [main] INFO  Level_19_Sort_ASC_DESC:58 - Sắp xếp giá từ cao đến thấp
2024-08-25T15:40:45,726 [main] INFO  Level_19_Sort_ASC_DESC:168 -  -------------------------- PASSED -------------------------- 
2024-08-25T15:40:55,742 [main] INFO  Level_19_Sort_ASC_DESC:224 - OS name = windows 10
2024-08-25T15:40:55,742 [main] INFO  Level_19_Sort_ASC_DESC:227 - Driver instance name = chromedriver: chrome on windows (f93ba091b7638c35dcd8dd6e0b128947)
2024-08-25T20:50:50,085 [main] INFO  Topic_17_Frame_Iframe:168 -  -------------------------- PASSED -------------------------- 
2024-08-25T20:58:09,045 [main] INFO  Topic_17_Frame_Iframe:168 -  -------------------------- PASSED -------------------------- 
2024-08-25T21:05:32,544 [main] INFO  Topic_17_Frame_Iframe:168 -  -------------------------- PASSED -------------------------- 
2024-08-25T21:12:43,577 [main] INFO  Topic_17_Frame_Iframe:168 -  -------------------------- PASSED -------------------------- 
2024-08-25T21:23:19,042 [main] INFO  Topic_17_Frame_Iframe:168 -  -------------------------- PASSED -------------------------- 
